[debug] [2021-06-22T15:32:07.520Z] ----------------------------------------------------------------------
[debug] [2021-06-22T15:32:07.522Z] Command:       /usr/bin/node /usr/bin/firebase init
[debug] [2021-06-22T15:32:07.523Z] CLI Version:   9.14.0
[debug] [2021-06-22T15:32:07.523Z] Platform:      linux
[debug] [2021-06-22T15:32:07.523Z] Node Version:  v14.17.1
[debug] [2021-06-22T15:32:07.523Z] Time:          Tue Jun 22 2021 18:32:07 GMT+0300 (Eastern European Summer Time)
[debug] [2021-06-22T15:32:07.524Z] ----------------------------------------------------------------------
[debug] 
[debug] [2021-06-22T15:32:07.528Z] > command requires scopes: ["email","openid","https://www.googleapis.com/auth/cloudplatformprojects.readonly","https://www.googleapis.com/auth/firebase","https://www.googleapis.com/auth/cloud-platform"]
[debug] [2021-06-22T15:32:07.529Z] > authorizing via signed-in user (muresan.alexandru933@gmail.com)
[info] 
     ######## #### ########  ######## ########     ###     ######  ########
     ##        ##  ##     ## ##       ##     ##  ##   ##  ##       ##
     ######    ##  ########  ######   ########  #########  ######  ######
     ##        ##  ##    ##  ##       ##     ## ##     ##       ## ##
     ##       #### ##     ## ######## ########  ##     ##  ######  ########

You're about to initialize a Firebase project in this directory:

  /home/muresania/git_workspace/Angular-Learning/shopping-list-app

[info] 
=== Project Setup
[info] 
[info] First, let's associate this project directory with a Firebase project.
[info] You can create multiple project aliases by running firebase use --add, 
[info] but for now we'll just set up a default project.
[info] 
[debug] [2021-06-22T15:32:38.739Z] >>> [apiv2][query] GET https://firebase.googleapis.com/v1beta1/projects pageSize=100
[debug] [2021-06-22T15:32:39.141Z] <<< [apiv2][status] GET https://firebase.googleapis.com/v1beta1/projects 200
[debug] [2021-06-22T15:32:39.141Z] <<< [apiv2][body] GET https://firebase.googleapis.com/v1beta1/projects [omitted]
[info] i  Using project ng-course-recipe-book-edc52 (ng-course-recipe-book) 
[info] 
=== Hosting Setup
[info] 
[info] Your public directory is the folder (relative to your project directory) that
[info] will contain Hosting assets to be uploaded with firebase deploy. If you
[info] have a build process for your assets, use your build's output directory.
[info] 
